[01m[K/home/dky/Projects/dky_robot/src/robot_kinematics/src/robot_func.cpp:[m[K In constructor â€˜[01m[KRobotFunctions::RobotFunctions(const string&)[m[Kâ€™:
[01m[K/home/dky/Projects/dky_robot/src/robot_kinematics/src/robot_func.cpp:17:13:[m[K [01;31m[Kerror: [m[Kâ€˜[01m[Ksubscriber_functions[m[Kâ€™ was not declared in this scope
   17 |             [01;31m[Ksubscriber_functions[m[K = this->create_subscription<robot_interfaces::msg::QtRecv>("qt_cmd", 10, std::bind(&RobotFunctions::working_mode_callback, this, _1));
      |             [01;31m[K^~~~~~~~~~~~~~~~~~~~[m[K
[01m[K/home/dky/Projects/dky_robot/src/robot_kinematics/src/robot_func.cpp:20:109:[m[K [01;31m[Kerror: [m[Kâ€˜[01m[KArmFKNode[m[Kâ€™ has not been declared
   20 |             subscriber_ = this->create_subscription<robot_interfaces::msg::QtRecv>("qt_cmd", 10, std::bind(&[01;31m[KArmFKNode[m[K::robot_fk_callback, this, _1));
      |                                                                                                             [01;31m[K^~~~~~~~~[m[K
gmake[2]: *** [CMakeFiles/robot_func.dir/build.make:76: CMakeFiles/robot_func.dir/src/robot_func.cpp.o] Error 1
gmake[1]: *** [CMakeFiles/Makefile2:193: CMakeFiles/robot_func.dir/all] Error 2
gmake: *** [Makefile:146: all] Error 2
