[0.030s] Invoking command in '/home/dky/Projects/dky_robot/build/robot_kinematics': CMAKE_PREFIX_PATH=${CMAKE_PREFIX_PATH}:/opt/ros/humble /usr/bin/cmake --build /home/dky/Projects/dky_robot/build/robot_kinematics -- -j20 -l20
[0.086s] [35m[1mConsolidate compiler generated dependencies of target robot_state_get[0m
[0.089s] [35m[1mConsolidate compiler generated dependencies of target robot_ik[0m
[0.093s] [ 16%] [32mBuilding CXX object CMakeFiles/robot_func.dir/src/robot_func.cpp.o[0m
[0.097s] [ 50%] Built target robot_state_get
[0.097s] [ 83%] Built target robot_ik
[0.240s] [01m[K/home/dky/Projects/dky_robot/src/robot_kinematics/src/robot_func.cpp:6:10:[m[K [01;31m[Kfatal error: [m[Kmoveit/move_group_interface/move_group_interface.h: No such file or directory
[0.240s]     6 | #include [01;31m[K<moveit/move_group_interface/move_group_interface.h>[m[K
[0.240s]       |          [01;31m[K^~~~~~~~~~~~~~~~~~~~~~~~~~~~~~~~~~~~~~~~~~~~~~~~~~~~[m[K
[0.240s] compilation terminated.
[0.241s] gmake[2]: *** [CMakeFiles/robot_func.dir/build.make:76: CMakeFiles/robot_func.dir/src/robot_func.cpp.o] Error 1
[0.242s] gmake[1]: *** [CMakeFiles/Makefile2:193: CMakeFiles/robot_func.dir/all] Error 2
[0.242s] gmake: *** [Makefile:146: all] Error 2
[0.244s] Invoked command in '/home/dky/Projects/dky_robot/build/robot_kinematics' returned '2': CMAKE_PREFIX_PATH=${CMAKE_PREFIX_PATH}:/opt/ros/humble /usr/bin/cmake --build /home/dky/Projects/dky_robot/build/robot_kinematics -- -j20 -l20
