[0.007s] Invoking command in '/home/dky/Projects/dky_robot/build/robot_interfaces': CMAKE_PREFIX_PATH=/opt/ros/humble /usr/bin/cmake --build /home/dky/Projects/dky_robot/build/robot_interfaces -- -j20 -l20
[0.032s] -- Found ament_cmake: 1.3.8 (/opt/ros/humble/share/ament_cmake/cmake)
[0.119s] -- Found rosidl_default_generators: 1.2.0 (/opt/ros/humble/share/rosidl_default_generators/cmake)
[0.120s] -- Using all available rosidl_typesupport_c: rosidl_typesupport_fastrtps_c;rosidl_typesupport_introspection_c
[0.122s] -- Found rosidl_adapter: 3.1.5 (/opt/ros/humble/share/rosidl_adapter/cmake)
[0.144s] -- Using all available rosidl_typesupport_cpp: rosidl_typesupport_fastrtps_cpp;rosidl_typesupport_introspection_cpp
[0.162s] -- Found geometry_msgs: 4.2.3 (/opt/ros/humble/share/geometry_msgs/cmake)
[0.242s] -- Found tf2_ros: 0.25.8 (/opt/ros/humble/share/tf2_ros/cmake)
[0.310s] -- Found rmw_implementation_cmake: 6.1.1 (/opt/ros/humble/share/rmw_implementation_cmake/cmake)
[0.311s] -- Found rmw_fastrtps_cpp: 6.2.6 (/opt/ros/humble/share/rmw_fastrtps_cpp/cmake)
[0.419s] -- Using RMW implementation 'rmw_fastrtps_cpp' as default
[0.700s] -- Found tf2_geometry_msgs: 0.25.6 (/opt/ros/humble/share/tf2_geometry_msgs/cmake)
[0.703s] -- Found eigen3_cmake_module: 0.1.1 (/opt/ros/humble/share/eigen3_cmake_module/cmake)
[0.704s] -- Ensuring Eigen3 include directory is part of orocos-kdl CMake target
[0.824s] [31mCMake Error at /opt/ros/humble/share/rosidl_adapter/cmake/rosidl_adapt_interfaces.cmake:59 (message):
[0.824s]   execute_process(/usr/bin/python3 -m rosidl_adapter --package-name
[0.824s]   robot_interfaces --arguments-file
[0.824s]   /home/dky/Projects/dky_robot/build/robot_interfaces/rosidl_adapter__arguments__robot_interfaces.json
[0.824s]   --output-dir
[0.824s]   /home/dky/Projects/dky_robot/build/robot_interfaces/rosidl_adapter/robot_interfaces
[0.824s]   --output-file
[0.824s]   /home/dky/Projects/dky_robot/build/robot_interfaces/rosidl_adapter/robot_interfaces.idls)
[0.824s]   returned error code 1:
[0.824s] 
[0.824s]   Error processing 'geometry_msgs/msg/Quaternion end_effector_quat' of
[0.824s]   'robot_interfaces/ArmState': 'geometry_msgs/msg/Quaternion'
[0.824s] 
[0.824s]   Traceback (most recent call last):
[0.825s] 
[0.825s]     File "/usr/lib/python3.10/runpy.py", line 196, in _run_module_as_main
[0.825s]       return _run_code(code, main_globals, None,
[0.825s]     File "/usr/lib/python3.10/runpy.py", line 86, in _run_code
[0.825s]       exec(code, run_globals)
[0.825s]     File "/opt/ros/humble/local/lib/python3.10/dist-packages/rosidl_adapter/__main__.py", line 19, in <module>
[0.825s]       sys.exit(main())
[0.825s]     File "/opt/ros/humble/local/lib/python3.10/dist-packages/rosidl_adapter/main.py", line 53, in main
[0.825s]       abs_idl_file = convert_to_idl(
[0.825s]     File "/opt/ros/humble/local/lib/python3.10/dist-packages/rosidl_adapter/__init__.py", line 19, in convert_to_idl
[0.825s]       return convert_msg_to_idl(
[0.825s]     File "/opt/ros/humble/local/lib/python3.10/dist-packages/rosidl_adapter/msg/__init__.py", line 28, in convert_msg_to_idl
[0.825s]       msg = parse_message_string(package_name, input_file.stem, content)
[0.825s]     File "/opt/ros/humble/local/lib/python3.10/dist-packages/rosidl_adapter/parser.py", line 520, in parse_message_string
[0.825s]       Type(type_string, context_package_name=pkg_name),
[0.825s]     File "/opt/ros/humble/local/lib/python3.10/dist-packages/rosidl_adapter/parser.py", line 277, in __init__
[0.825s]       super(Type, self).__init__(
[0.825s]     File "/opt/ros/humble/local/lib/python3.10/dist-packages/rosidl_adapter/parser.py", line 190, in __init__
[0.825s]       raise InvalidResourceName(type_string)
[0.825s] 
[0.825s]   rosidl_adapter.parser.InvalidResourceName: geometry_msgs/msg/Quaternion
[0.825s] 
[0.825s] Call Stack (most recent call first):
[0.825s]   /opt/ros/humble/share/rosidl_cmake/cmake/rosidl_generate_interfaces.cmake:130 (rosidl_adapt_interfaces)
[0.825s]   CMakeLists.txt:19 (rosidl_generate_interfaces)
[0.825s] 
[0.825s] [0m
[0.825s] -- Configuring incomplete, errors occurred!
[0.825s] See also "/home/dky/Projects/dky_robot/build/robot_interfaces/CMakeFiles/CMakeOutput.log".
[0.829s] gmake: *** [Makefile:963: cmake_check_build_system] Error 1
[0.831s] Invoked command in '/home/dky/Projects/dky_robot/build/robot_interfaces' returned '2': CMAKE_PREFIX_PATH=/opt/ros/humble /usr/bin/cmake --build /home/dky/Projects/dky_robot/build/robot_interfaces -- -j20 -l20
