[0.026s] Invoking command in '/home/dky/Projects/dky_robot/build/robot_interfaces': CMAKE_PREFIX_PATH=${CMAKE_PREFIX_PATH}:/opt/ros/humble /usr/bin/cmake --build /home/dky/Projects/dky_robot/build/robot_interfaces -- -j20 -l20
[0.054s] -- Found ament_cmake: 1.3.8 (/opt/ros/humble/share/ament_cmake/cmake)
[0.160s] -- Found rosidl_default_generators: 1.2.0 (/opt/ros/humble/share/rosidl_default_generators/cmake)
[0.160s] -- Using all available rosidl_typesupport_c: rosidl_typesupport_fastrtps_c;rosidl_typesupport_introspection_c
[0.162s] -- Found rosidl_adapter: 3.1.5 (/opt/ros/humble/share/rosidl_adapter/cmake)
[0.183s] -- Using all available rosidl_typesupport_cpp: rosidl_typesupport_fastrtps_cpp;rosidl_typesupport_introspection_cpp
[0.200s] -- Found geometry_msgs: 4.2.3 (/opt/ros/humble/share/geometry_msgs/cmake)
[0.394s] [31mCMake Error at /opt/ros/humble/share/rosidl_adapter/cmake/rosidl_adapt_interfaces.cmake:59 (message):
[0.394s]   execute_process(/usr/bin/python3 -m rosidl_adapter --package-name
[0.394s]   robot_interfaces --arguments-file
[0.394s]   /home/dky/Projects/dky_robot/build/robot_interfaces/rosidl_adapter__arguments__robot_interfaces.json
[0.394s]   --output-dir
[0.394s]   /home/dky/Projects/dky_robot/build/robot_interfaces/rosidl_adapter/robot_interfaces
[0.394s]   --output-file
[0.394s]   /home/dky/Projects/dky_robot/build/robot_interfaces/rosidl_adapter/robot_interfaces.idls)
[0.394s]   returned error code 1:
[0.395s] 
[0.395s]   Error processing 'std_msgs/Int32MultiArray joint_angles_goal;' of
[0.395s]   'robot_interfaces/QtRecv': ''joint_angles_goal;' is an invalid field name.
[0.395s]   It should have the pattern '^(?!.*__)(?!.*_$)[a-z][a-z0-9_]*$''
[0.395s] 
[0.395s]   Traceback (most recent call last):
[0.395s] 
[0.395s]     File "/usr/lib/python3.10/runpy.py", line 196, in _run_module_as_main
[0.395s]       return _run_code(code, main_globals, None,
[0.395s]     File "/usr/lib/python3.10/runpy.py", line 86, in _run_code
[0.395s]       exec(code, run_globals)
[0.395s]     File "/opt/ros/humble/local/lib/python3.10/dist-packages/rosidl_adapter/__main__.py", line 19, in <module>
[0.395s]       sys.exit(main())
[0.395s]     File "/opt/ros/humble/local/lib/python3.10/dist-packages/rosidl_adapter/main.py", line 53, in main
[0.395s]       abs_idl_file = convert_to_idl(
[0.395s]     File "/opt/ros/humble/local/lib/python3.10/dist-packages/rosidl_adapter/__init__.py", line 19, in convert_to_idl
[0.395s]       return convert_msg_to_idl(
[0.395s]     File "/opt/ros/humble/local/lib/python3.10/dist-packages/rosidl_adapter/msg/__init__.py", line 28, in convert_msg_to_idl
[0.395s]       msg = parse_message_string(package_name, input_file.stem, content)
[0.395s]     File "/opt/ros/humble/local/lib/python3.10/dist-packages/rosidl_adapter/parser.py", line 519, in parse_message_string
[0.395s]       fields.append(Field(
[0.395s]     File "/opt/ros/humble/local/lib/python3.10/dist-packages/rosidl_adapter/parser.py", line 354, in __init__
[0.395s]       raise NameError(
[0.395s] 
[0.395s]   NameError: 'joint_angles_goal;' is an invalid field name.  It should have
[0.395s]   the pattern '^(?!.*__)(?!.*_$)[a-z][a-z0-9_]*$'
[0.395s] 
[0.395s] Call Stack (most recent call first):
[0.395s]   /opt/ros/humble/share/rosidl_cmake/cmake/rosidl_generate_interfaces.cmake:130 (rosidl_adapt_interfaces)
[0.395s]   CMakeLists.txt:18 (rosidl_generate_interfaces)
[0.395s] 
[0.395s] [0m
[0.395s] -- Configuring incomplete, errors occurred!
[0.395s] See also "/home/dky/Projects/dky_robot/build/robot_interfaces/CMakeFiles/CMakeOutput.log".
[0.398s] gmake: *** [Makefile:747: cmake_check_build_system] Error 1
[0.399s] Invoked command in '/home/dky/Projects/dky_robot/build/robot_interfaces' returned '2': CMAKE_PREFIX_PATH=${CMAKE_PREFIX_PATH}:/opt/ros/humble /usr/bin/cmake --build /home/dky/Projects/dky_robot/build/robot_interfaces -- -j20 -l20
