[0.025s] Invoking command in '/home/dky/Projects/dky_robot/build/robot_kinematics': CMAKE_PREFIX_PATH=${CMAKE_PREFIX_PATH}:/opt/ros/humble /usr/bin/cmake --build /home/dky/Projects/dky_robot/build/robot_kinematics -- -j20 -l20
[0.076s] [ 50%] Built target robot_state_get
[0.080s] [ 75%] [32mBuilding CXX object CMakeFiles/robot_func.dir/src/robot_func.cpp.o[0m
[2.978s] [01m[K/home/dky/Projects/dky_robot/src/robot_kinematics/src/robot_func.cpp:[m[K In member function â€˜[01m[Kvoid RobotFunctions::working_mode_callback(robot_interfaces::msg::QtRecv_<std::allocator<void> >::SharedPtr)[m[Kâ€™:
[2.978s] [01m[K/home/dky/Projects/dky_robot/src/robot_kinematics/src/robot_func.cpp:76:65:[m[K [01;31m[Kerror: [m[Kâ€˜[01m[Kmove_group_interface[m[Kâ€™ was not declared in this scope
[2.978s]    76 |                     moveit::core::RobotStatePtr current_state = [01;31m[Kmove_group_interface[m[K.getCurrentState();
[2.978s]       |                                                                 [01;31m[K^~~~~~~~~~~~~~~~~~~~[m[K
[5.646s] gmake[2]: *** [CMakeFiles/robot_func.dir/build.make:76: CMakeFiles/robot_func.dir/src/robot_func.cpp.o] Error 1
[5.646s] gmake[1]: *** [CMakeFiles/Makefile2:165: CMakeFiles/robot_func.dir/all] Error 2
[5.647s] gmake: *** [Makefile:146: all] Error 2
[5.649s] Invoked command in '/home/dky/Projects/dky_robot/build/robot_kinematics' returned '2': CMAKE_PREFIX_PATH=${CMAKE_PREFIX_PATH}:/opt/ros/humble /usr/bin/cmake --build /home/dky/Projects/dky_robot/build/robot_kinematics -- -j20 -l20
